# JRE version: OpenJDK Runtime Environment (8.0_91-b14) (build 1.8.0_91-8u91-b14-3ubuntu1~16.04.1-b14)
# Java VM: OpenJDK 64-Bit Server VM (25.91-b14 mixed mode linux-amd64 compressed oops)
Heap:
 PSYoungGen      total 133632K, used 15328K [0x00000000eab00000, 0x00000000f4000000, 0x0000000100000000)
  eden space 118272K, 0% used [0x00000000eab00000,0x00000000eab00000,0x00000000f1e80000)
  from space 15360K, 99% used [0x00000000f1e80000,0x00000000f2d782a8,0x00000000f2d80000)
  to   space 11776K, 0% used [0x00000000f2d80000,0x00000000f2d80000,0x00000000f3900000)
 ParOldGen       total 43520K, used 42388K [0x00000000c0000000, 0x00000000c2a80000, 0x00000000eab00000)
  object space 43520K, 97% used [0x00000000c0000000,0x00000000c2965180,0x00000000c2a80000)
 Metaspace       used 6163K, capacity 7216K, committed 7296K, reserved 1056768K
  class space    used 572K, capacity 616K, committed 640K, reserved 1048576K
GC Heap History (10 events):
Event: 3.478 GC heap after
Heap after GC invocations=4 (full 0):
 PSYoungGen      total 32768K, used 2031K [0x00000000eab00000, 0x00000000ecd00000, 0x0000000100000000)
  eden space 30720K, 0% used [0x00000000eab00000,0x00000000eab00000,0x00000000ec900000)
  from space 2048K, 99% used [0x00000000ecb00000,0x00000000eccfbd00,0x00000000ecd00000)
  to   space 2048K, 0% used [0x00000000ec900000,0x00000000ec900000,0x00000000ecb00000)
 ParOldGen       total 39936K, used 12339K [0x00000000c0000000, 0x00000000c2700000, 0x00000000eab00000)
  object space 39936K, 30% used [0x00000000c0000000,0x00000000c0c0cfc0,0x00000000c2700000)
 Metaspace       used 5635K, capacity 6896K, committed 7040K, reserved 1056768K
  class space    used 550K, capacity 616K, committed 640K, reserved 1048576K
}
Event: 3.902 GC heap before
{Heap before GC invocations=5 (full 0):
 PSYoungGen      total 32768K, used 32751K [0x00000000eab00000, 0x00000000ecd00000, 0x0000000100000000)
  eden space 30720K, 100% used [0x00000000eab00000,0x00000000ec900000,0x00000000ec900000)
  from space 2048K, 99% used [0x00000000ecb00000,0x00000000eccfbd00,0x00000000ecd00000)
  to   space 2048K, 0% used [0x00000000ec900000,0x00000000ec900000,0x00000000ecb00000)
 ParOldGen       total 39936K, used 12339K [0x00000000c0000000, 0x00000000c2700000, 0x00000000eab00000)
  object space 39936K, 30% used [0x00000000c0000000,0x00000000c0c0cfc0,0x00000000c2700000)
 Metaspace       used 5697K, capacity 6960K, committed 7040K, reserved 1056768K
  class space    used 550K, capacity 616K, committed 640K, reserved 1048576K
Event: 3.975 GC heap after
Heap after GC invocations=5 (full 0):
 PSYoungGen      total 32768K, used 2030K [0x00000000eab00000, 0x00000000ef500000, 0x0000000100000000)
  eden space 30720K, 0% used [0x00000000eab00000,0x00000000eab00000,0x00000000ec900000)
  from space 2048K, 99% used [0x00000000ec900000,0x00000000ecafb840,0x00000000ecb00000)
  to   space 7168K, 0% used [0x00000000eee00000,0x00000000eee00000,0x00000000ef500000)
 ParOldGen       total 39936K, used 16837K [0x00000000c0000000, 0x00000000c2700000, 0x00000000eab00000)
  object space 39936K, 42% used [0x00000000c0000000,0x00000000c10714e8,0x00000000c2700000)
 Metaspace       used 5697K, capacity 6960K, committed 7040K, reserved 1056768K
  class space    used 550K, capacity 616K, committed 640K, reserved 1048576K
}
Event: 4.772 GC heap before
{Heap before GC invocations=6 (full 0):
 PSYoungGen      total 32768K, used 32750K [0x00000000eab00000, 0x00000000ef500000, 0x0000000100000000)
  eden space 30720K, 100% used [0x00000000eab00000,0x00000000ec900000,0x00000000ec900000)
  from space 2048K, 99% used [0x00000000ec900000,0x00000000ecafb840,0x00000000ecb00000)
  to   space 7168K, 0% used [0x00000000eee00000,0x00000000eee00000,0x00000000ef500000)
 ParOldGen       total 39936K, used 16837K [0x00000000c0000000, 0x00000000c2700000, 0x00000000eab00000)
  object space 39936K, 42% used [0x00000000c0000000,0x00000000c10714e8,0x00000000c2700000)
 Metaspace       used 5772K, capacity 7024K, committed 7296K, reserved 1056768K
  class space    used 553K, capacity 616K, committed 640K, reserved 1048576K
Event: 4.850 GC heap after
Heap after GC invocations=6 (full 0):
 PSYoungGen      total 68096K, used 6571K [0x00000000eab00000, 0x00000000ef600000, 0x0000000100000000)
  eden space 60928K, 0% used [0x00000000eab00000,0x00000000eab00000,0x00000000ee680000)
  from space 7168K, 91% used [0x00000000eee00000,0x00000000ef46af38,0x00000000ef500000)
  to   space 7680K, 0% used [0x00000000ee680000,0x00000000ee680000,0x00000000eee00000)
 ParOldGen       total 39936K, used 16837K [0x00000000c0000000, 0x00000000c2700000, 0x00000000eab00000)
  object space 39936K, 42% used [0x00000000c0000000,0x00000000c10714e8,0x00000000c2700000)
 Metaspace       used 5772K, capacity 7024K, committed 7296K, reserved 1056768K
  class space    used 553K, capacity 616K, committed 640K, reserved 1048576K
}
Event: 6.182 GC heap before
{Heap before GC invocations=7 (full 0):
 PSYoungGen      total 68096K, used 67499K [0x00000000eab00000, 0x00000000ef600000, 0x0000000100000000)
  eden space 60928K, 100% used [0x00000000eab00000,0x00000000ee680000,0x00000000ee680000)
  from space 7168K, 91% used [0x00000000eee00000,0x00000000ef46af38,0x00000000ef500000)
  to   space 7680K, 0% used [0x00000000ee680000,0x00000000ee680000,0x00000000eee00000)
 ParOldGen       total 39936K, used 16837K [0x00000000c0000000, 0x00000000c2700000, 0x00000000eab00000)
  object space 39936K, 42% used [0x00000000c0000000,0x00000000c10714e8,0x00000000c2700000)
 Metaspace       used 5967K, capacity 7088K, committed 7296K, reserved 1056768K
  class space    used 572K, capacity 616K, committed 640K, reserved 1048576K
Event: 6.298 GC heap after
Heap after GC invocations=7 (full 0):
 PSYoungGen      total 68608K, used 7666K [0x00000000eab00000, 0x00000000f3900000, 0x0000000100000000)
  eden space 60928K, 0% used [0x00000000eab00000,0x00000000eab00000,0x00000000ee680000)
  from space 7680K, 99% used [0x00000000ee680000,0x00000000eedfc878,0x00000000eee00000)
  to   space 11776K, 0% used [0x00000000f2d80000,0x00000000f2d80000,0x00000000f3900000)
 ParOldGen       total 39936K, used 23407K [0x00000000c0000000, 0x00000000c2700000, 0x00000000eab00000)
  object space 39936K, 58% used [0x00000000c0000000,0x00000000c16dbeb0,0x00000000c2700000)
 Metaspace       used 5967K, capacity 7088K, committed 7296K, reserved 1056768K
  class space    used 572K, capacity 616K, committed 640K, reserved 1048576K
}
Event: 7.561 GC heap before
{Heap before GC invocations=8 (full 0):
 PSYoungGen      total 68608K, used 68594K [0x00000000eab00000, 0x00000000f3900000, 0x0000000100000000)
  eden space 60928K, 100% used [0x00000000eab00000,0x00000000ee680000,0x00000000ee680000)
  from space 7680K, 99% used [0x00000000ee680000,0x00000000eedfc878,0x00000000eee00000)
  to   space 11776K, 0% used [0x00000000f2d80000,0x00000000f2d80000,0x00000000f3900000)
 ParOldGen       total 39936K, used 23407K [0x00000000c0000000, 0x00000000c2700000, 0x00000000eab00000)
  object space 39936K, 58% used [0x00000000c0000000,0x00000000c16dbeb0,0x00000000c2700000)
 Metaspace       used 6067K, capacity 7152K, committed 7296K, reserved 1056768K
  class space    used 572K, capacity 616K, committed 640K, reserved 1048576K
Event: 7.742 GC heap after
Heap after GC invocations=8 (full 0):
 PSYoungGen      total 130048K, used 11774K [0x00000000eab00000, 0x00000000f4000000, 0x0000000100000000)
  eden space 118272K, 0% used [0x00000000eab00000,0x00000000eab00000,0x00000000f1e80000)
  from space 11776K, 99% used [0x00000000f2d80000,0x00000000f38ffbd8,0x00000000f3900000)
  to   space 15360K, 0% used [0x00000000f1e80000,0x00000000f1e80000,0x00000000f2d80000)
 ParOldGen       total 39936K, used 28280K [0x00000000c0000000, 0x00000000c2700000, 0x00000000eab00000)
  object space 39936K, 70% used [0x00000000c0000000,0x00000000c1b9e050,0x00000000c2700000)
 Metaspace       used 6067K, capacity 7152K, committed 7296K, reserved 1056768K
  class space    used 572K, capacity 616K, committed 640K, reserved 1048576K
}
Event: 13.700 GC heap before
{Heap before GC invocations=9 (full 0):
 PSYoungGen      total 130048K, used 130046K [0x00000000eab00000, 0x00000000f4000000, 0x0000000100000000)
  eden space 118272K, 100% used [0x00000000eab00000,0x00000000f1e80000,0x00000000f1e80000)
  from space 11776K, 99% used [0x00000000f2d80000,0x00000000f38ffbd8,0x00000000f3900000)
  to   space 15360K, 0% used [0x00000000f1e80000,0x00000000f1e80000,0x00000000f2d80000)
 ParOldGen       total 39936K, used 28280K [0x00000000c0000000, 0x00000000c2700000, 0x00000000eab00000)
  object space 39936K, 70% used [0x00000000c0000000,0x00000000c1b9e050,0x00000000c2700000)
 Metaspace       used 6163K, capacity 7216K, committed 7296K, reserved 1056768K
  class space    used 572K, capacity 616K, committed 640K, reserved 1048576K

